New log file opened at Sat Apr 11 12:02:53 CDT 2015 by 10300@PB7TN0E
Taking next connection to: 7834
New client attempting to connect on port: 7835-7834
  Address = /192.168.56.1:7834
This client on port 7835 has uuid 27b05827-4e1d-4333-a94d-bb3b0d8dc80a configName activator humanReadableName Activator protocolVersion 1 featureTags Vector()
Connected Clients: activator-27b05827-4e1d-4333-a94d-bb3b0d8dc80a
Taking next connection to: 7834
New client attempting to connect on port: 7836-7834
  Address = /192.168.56.1:7834
Handshake exception on socket: 7836
sbt.impl.ipc.HandshakeException: Unable to perform handshake
	at sbt.impl.ipc.Peer.handshake(IPC.scala:46)
	at sbt.impl.ipc.MultiClientServer.<init>(IPC.scala:150)
	at sbt.server.SbtServerSocketHandler$$anon$1.run(SbtServerSocketHandler.scala:43)
Caused by: java.net.SocketException: Software caused connection abort: recv failed
	at java.net.SocketInputStream.socketRead0(Native Method)
	at java.net.SocketInputStream.read(SocketInputStream.java:152)
	at java.net.SocketInputStream.read(SocketInputStream.java:122)
	at java.io.BufferedInputStream.fill(BufferedInputStream.java:235)
	at java.io.BufferedInputStream.read(BufferedInputStream.java:254)
	at java.io.DataInputStream.readInt(DataInputStream.java:387)
	at sbt.impl.ipc.Peer.receive(IPC.scala:95)
	at sbt.impl.ipc.Peer.handshake(IPC.scala:49)
	... 2 more
Taking next connection to: 7834
New client attempting to connect on port: 7837-7834
  Address = /192.168.56.1:7834
This client on port 7837 has uuid 89b539f7-b3cb-4703-89b0-f848740f24f1 configName activator humanReadableName Activator protocolVersion 1 featureTags Vector()
Connected Clients: activator-27b05827-4e1d-4333-a94d-bb3b0d8dc80a, activator-89b539f7-b3cb-4703-89b0-f848740f24f1
Taking next connection to: 7834
Checking to see if clients are empty...
We have 1 non-daemon clients, continuing serving connections.
Taking next connection to: 7834
Checking to see if clients are empty...
We have 1 non-daemon clients, continuing serving connections.
Taking next connection to: 7834
Checking to see if clients are empty...
No non-daemon clients connected after 3 min. Shutting down.
Server socket thread exiting.
0 clients open, will close them...
All client sockets have been closed.
Closing the 10300@PB7TN0E logs at Sat Apr 11 12:11:55 CDT 2015, goodbye.
